0d44 app_context::start_logger  476 ---- 2025/06/04 09:39:16.076 -------------------------------------------------
0d44 app_context::start_logger  479 Host process is 'cmd.exe' (pid 3396)
0d44 app_context::start_logger  483 DLL path is 'C:\Users\Administrator\Downloads\Downloads\ml\vendor\clink'
0d44 app_context::start_logger  498 Windows version 6.3.9600 (x64)
0d44 app_context::start_logger  500 Clink version 1.6.14.93b83f (x64)
0d44 hook_setter::hook_setter  159 >>> Started hook transaction.
0d44 hook_setter::attach_iat   316 Attempting to hook SetEnvironmentVariableW in IAT for module 00007FF7FFEF0000.
0d44 pe_info::iterate_imports  195 Found import in 'api-ms-win-core-processenvironment-l1-2-0.dll'
0d44 find_iat                  124 Found import at 00007FF7FFF3E508 (value is 00007FFF9FC52A54).
0d44 hook_setter::attach_iat   316 Attempting to hook SetEnvironmentStringsW in IAT for module 00007FF7FFEF0000.
0d44 pe_info::iterate_imports  195 Found import in 'api-ms-win-core-processenvironment-l1-2-0.dll'
0d44 find_iat                  124 Found import at 00007FF7FFF3E538 (value is 00007FFF9FC61A80).
0d44 hook_setter::attach_iat   316 Attempting to hook WriteConsoleW in IAT for module 00007FF7FFEF0000.
0d44 pe_info::iterate_imports  195 Found import in 'api-ms-win-core-console-l1-1-0.dll'
0d44 find_iat                  124 Found import at 00007FF7FFF3E388 (value is 00007FFF9FC924E8).
0d44 hook_setter::attach_iat   316 Attempting to hook GetEnvironmentVariableW in IAT for module 00007FF7FFEF0000.
0d44 pe_info::iterate_imports  195 Found import in 'api-ms-win-core-processenvironment-l1-2-0.dll'
0d44 find_iat                  124 Found import at 00007FF7FFF3E520 (value is 00007FFF9FC4A4A8).
0d44 hook_setter::commit       207 <<< Hook transaction committed.
0d44 hook_setter::hook_setter  159 >>> Started hook transaction.
0d44 hook_setter::detach_iat   359 Attempting to unhook 00007FFF89725200 from GetEnvironmentVariableW in IAT for module 00007FF7FFEF0000.
0d44 pe_info::iterate_imports  195 Found import in 'api-ms-win-core-processenvironment-l1-2-0.dll'
0d44 find_iat                  124 Found import at 00007FF7FFF3E520 (value is 00007FFF89725200).
0d44 hook_setter::commit       207 <<< Hook transaction committed.
0d44 hook_setter::hook_setter  159 >>> Started hook transaction.
0d44 hook_setter::attach_iat   316 Attempting to hook ReadConsoleW in IAT for module 00007FF7FFEF0000.
0d44 pe_info::iterate_imports  195 Found import in 'api-ms-win-core-console-l1-1-0.dll'
0d44 find_iat                  124 Found import at 00007FF7FFF3E370 (value is 00007FFF9FD0C164).
0d44 hook_setter::commit       207 <<< Hook transaction committed.
0d44 hook_setter::hook_setter  159 >>> Started hook transaction.
0d44 hook_setter::attach_iat   316 Attempting to hook SetConsoleTitleW in IAT for module 00007FF7FFEF0000.
0d44 pe_info::iterate_imports  195 Found import in 'api-ms-win-core-console-l2-1-0.dll'
0d44 find_iat                  124 Found import at 00007FF7FFF3E578 (value is 00007FFF9FC92630).
0d44 hook_setter::commit       207 <<< Hook transaction committed.
0d44 win_screen_buffer::begin  366 Using native terminal support (auto mode found 'ConEmuHk64.dll').
0d44 host_lua::load_scripts    192 Loaded 2 Lua scripts in 101 ms
0d44 @~clink~/app/update.lua   356 Clink updater: updating because there is no record of having updated before.
0d44 history_db::initialise   1321 master bank ctag: |CTAG_1745831008_104217468_4056_0
0d44 history_db::compact      1599 History:  4 active, 22 deleted
0d44 @~clink~/app/update.lua   107 Clink updater: found PowerShell v4.0.
0d44 @~clink~/app/update.lua   531 Clink updater: autoupdate requires PowerShell v5.
0d44 history_db::compact      1599 History:  4 active, 22 deleted
